2024-08-22T14:49:15.497Z  INFO 14156 --- [monetab] [restartedMain] c.d.monetab.MonetabApplication           : Starting MonetabApplication using Java 19.0.2 with PID 14156 (C:\Users\ATTOUBO\IdeaProjects\monetab\monetab\target\classes started by ATTOUBO in C:\Users\ATTOUBO\IdeaProjects\monetab)
2024-08-22T14:49:15.500Z  INFO 14156 --- [monetab] [restartedMain] c.d.monetab.MonetabApplication           : No active profile set, falling back to 1 default profile: "default"
2024-08-22T14:49:15.581Z  INFO 14156 --- [monetab] [restartedMain] .e.DevToolsPropertyDefaultsPostProcessor : Devtools property defaults active! Set 'spring.devtools.add-properties' to 'false' to disable
2024-08-22T14:49:15.582Z  INFO 14156 --- [monetab] [restartedMain] .e.DevToolsPropertyDefaultsPostProcessor : For additional web related logging consider setting the 'logging.level.web' property to 'DEBUG'
2024-08-22T14:49:16.801Z  INFO 14156 --- [monetab] [restartedMain] .s.d.r.c.RepositoryConfigurationDelegate : Bootstrapping Spring Data JPA repositories in DEFAULT mode.
2024-08-22T14:49:16.898Z  INFO 14156 --- [monetab] [restartedMain] .s.d.r.c.RepositoryConfigurationDelegate : Finished Spring Data repository scanning in 81 ms. Found 1 JPA repository interface.
2024-08-22T14:49:17.835Z  INFO 14156 --- [monetab] [restartedMain] o.s.b.w.embedded.tomcat.TomcatWebServer  : Tomcat initialized with port 8080 (http)
2024-08-22T14:49:17.854Z  INFO 14156 --- [monetab] [restartedMain] o.apache.catalina.core.StandardService   : Starting service [Tomcat]
2024-08-22T14:49:17.855Z  INFO 14156 --- [monetab] [restartedMain] o.apache.catalina.core.StandardEngine    : Starting Servlet engine: [Apache Tomcat/10.1.26]
2024-08-22T14:49:17.926Z  INFO 14156 --- [monetab] [restartedMain] o.a.c.c.C.[Tomcat].[localhost].[/]       : Initializing Spring embedded WebApplicationContext
2024-08-22T14:49:17.927Z  INFO 14156 --- [monetab] [restartedMain] w.s.c.ServletWebServerApplicationContext : Root WebApplicationContext: initialization completed in 2344 ms
2024-08-22T14:49:18.267Z  INFO 14156 --- [monetab] [restartedMain] o.hibernate.jpa.internal.util.LogHelper  : HHH000204: Processing PersistenceUnitInfo [name: default]
2024-08-22T14:49:18.374Z  INFO 14156 --- [monetab] [restartedMain] org.hibernate.Version                    : HHH000412: Hibernate ORM core version 6.5.2.Final
2024-08-22T14:49:18.434Z  INFO 14156 --- [monetab] [restartedMain] o.h.c.internal.RegionFactoryInitiator    : HHH000026: Second-level cache disabled
2024-08-22T14:49:19.072Z  INFO 14156 --- [monetab] [restartedMain] o.s.o.j.p.SpringPersistenceUnitInfo      : No LoadTimeWeaver setup: ignoring JPA class transformer
2024-08-22T14:49:19.132Z  INFO 14156 --- [monetab] [restartedMain] com.zaxxer.hikari.HikariDataSource       : HikariPool-1 - Starting...
2024-08-22T14:49:19.638Z  INFO 14156 --- [monetab] [restartedMain] com.zaxxer.hikari.pool.HikariPool        : HikariPool-1 - Added connection com.mysql.cj.jdbc.ConnectionImpl@12cb87cd
2024-08-22T14:49:19.641Z  INFO 14156 --- [monetab] [restartedMain] com.zaxxer.hikari.HikariDataSource       : HikariPool-1 - Start completed.
2024-08-22T14:49:21.208Z  INFO 14156 --- [monetab] [restartedMain] o.h.e.t.j.p.i.JtaPlatformInitiator       : HHH000489: No JTA platform available (set 'hibernate.transaction.jta.platform' to enable JTA platform integration)
2024-08-22T14:49:21.337Z  INFO 14156 --- [monetab] [restartedMain] j.LocalContainerEntityManagerFactoryBean : Initialized JPA EntityManagerFactory for persistence unit 'default'
2024-08-22T14:49:21.654Z  WARN 14156 --- [monetab] [restartedMain] JpaBaseConfiguration$JpaWebConfiguration : spring.jpa.open-in-view is enabled by default. Therefore, database queries may be performed during view rendering. Explicitly configure spring.jpa.open-in-view to disable this warning
2024-08-22T14:49:22.115Z  INFO 14156 --- [monetab] [restartedMain] o.s.b.d.a.OptionalLiveReloadServer       : LiveReload server is running on port 35729
2024-08-22T14:49:22.174Z  INFO 14156 --- [monetab] [restartedMain] o.s.b.w.embedded.tomcat.TomcatWebServer  : Tomcat started on port 8080 (http) with context path '/'
2024-08-22T14:49:22.184Z  INFO 14156 --- [monetab] [restartedMain] c.d.monetab.MonetabApplication           : Started MonetabApplication in 7.397 seconds (process running for 8.67)
2024-08-22T14:50:50.329Z  INFO 14156 --- [monetab] [SpringApplicationShutdownHook] j.LocalContainerEntityManagerFactoryBean : Closing JPA EntityManagerFactory for persistence unit 'default'
2024-08-22T14:50:50.348Z  INFO 14156 --- [monetab] [SpringApplicationShutdownHook] com.zaxxer.hikari.HikariDataSource       : HikariPool-1 - Shutdown initiated...
2024-08-22T14:50:50.359Z  INFO 14156 --- [monetab] [SpringApplicationShutdownHook] com.zaxxer.hikari.HikariDataSource       : HikariPool-1 - Shutdown completed.
2024-08-22T14:50:56.343Z  INFO 4784 --- [monetab] [restartedMain] c.d.monetab.MonetabApplication           : Starting MonetabApplication using Java 19.0.2 with PID 4784 (C:\Users\ATTOUBO\IdeaProjects\monetab\monetab\target\classes started by ATTOUBO in C:\Users\ATTOUBO\IdeaProjects\monetab)
2024-08-22T14:50:56.347Z  INFO 4784 --- [monetab] [restartedMain] c.d.monetab.MonetabApplication           : No active profile set, falling back to 1 default profile: "default"
2024-08-22T14:50:56.414Z  INFO 4784 --- [monetab] [restartedMain] .e.DevToolsPropertyDefaultsPostProcessor : Devtools property defaults active! Set 'spring.devtools.add-properties' to 'false' to disable
2024-08-22T14:50:56.414Z  INFO 4784 --- [monetab] [restartedMain] .e.DevToolsPropertyDefaultsPostProcessor : For additional web related logging consider setting the 'logging.level.web' property to 'DEBUG'
2024-08-22T14:50:57.376Z  INFO 4784 --- [monetab] [restartedMain] .s.d.r.c.RepositoryConfigurationDelegate : Bootstrapping Spring Data JPA repositories in DEFAULT mode.
2024-08-22T14:50:57.477Z  INFO 4784 --- [monetab] [restartedMain] .s.d.r.c.RepositoryConfigurationDelegate : Finished Spring Data repository scanning in 81 ms. Found 1 JPA repository interface.
2024-08-22T14:50:58.399Z  INFO 4784 --- [monetab] [restartedMain] o.s.b.w.embedded.tomcat.TomcatWebServer  : Tomcat initialized with port 8080 (http)
2024-08-22T14:50:58.418Z  INFO 4784 --- [monetab] [restartedMain] o.apache.catalina.core.StandardService   : Starting service [Tomcat]
2024-08-22T14:50:58.419Z  INFO 4784 --- [monetab] [restartedMain] o.apache.catalina.core.StandardEngine    : Starting Servlet engine: [Apache Tomcat/10.1.26]
2024-08-22T14:50:58.490Z  INFO 4784 --- [monetab] [restartedMain] o.a.c.c.C.[Tomcat].[localhost].[/]       : Initializing Spring embedded WebApplicationContext
2024-08-22T14:50:58.490Z  INFO 4784 --- [monetab] [restartedMain] w.s.c.ServletWebServerApplicationContext : Root WebApplicationContext: initialization completed in 2075 ms
2024-08-22T14:50:58.732Z  INFO 4784 --- [monetab] [restartedMain] o.hibernate.jpa.internal.util.LogHelper  : HHH000204: Processing PersistenceUnitInfo [name: default]
2024-08-22T14:50:58.836Z  INFO 4784 --- [monetab] [restartedMain] org.hibernate.Version                    : HHH000412: Hibernate ORM core version 6.5.2.Final
2024-08-22T14:50:58.890Z  INFO 4784 --- [monetab] [restartedMain] o.h.c.internal.RegionFactoryInitiator    : HHH000026: Second-level cache disabled
2024-08-22T14:50:59.413Z  INFO 4784 --- [monetab] [restartedMain] o.s.o.j.p.SpringPersistenceUnitInfo      : No LoadTimeWeaver setup: ignoring JPA class transformer
2024-08-22T14:50:59.460Z  INFO 4784 --- [monetab] [restartedMain] com.zaxxer.hikari.HikariDataSource       : HikariPool-1 - Starting...
2024-08-22T14:50:59.996Z  INFO 4784 --- [monetab] [restartedMain] com.zaxxer.hikari.pool.HikariPool        : HikariPool-1 - Added connection com.mysql.cj.jdbc.ConnectionImpl@6301a3de
2024-08-22T14:50:59.999Z  INFO 4784 --- [monetab] [restartedMain] com.zaxxer.hikari.HikariDataSource       : HikariPool-1 - Start completed.
2024-08-22T14:51:01.515Z  INFO 4784 --- [monetab] [restartedMain] o.h.e.t.j.p.i.JtaPlatformInitiator       : HHH000489: No JTA platform available (set 'hibernate.transaction.jta.platform' to enable JTA platform integration)
2024-08-22T14:51:01.618Z  INFO 4784 --- [monetab] [restartedMain] j.LocalContainerEntityManagerFactoryBean : Initialized JPA EntityManagerFactory for persistence unit 'default'
2024-08-22T14:51:02.015Z  WARN 4784 --- [monetab] [restartedMain] JpaBaseConfiguration$JpaWebConfiguration : spring.jpa.open-in-view is enabled by default. Therefore, database queries may be performed during view rendering. Explicitly configure spring.jpa.open-in-view to disable this warning
2024-08-22T14:51:02.691Z  INFO 4784 --- [monetab] [restartedMain] o.s.b.d.a.OptionalLiveReloadServer       : LiveReload server is running on port 35729
2024-08-22T14:51:02.741Z  INFO 4784 --- [monetab] [restartedMain] o.s.b.w.embedded.tomcat.TomcatWebServer  : Tomcat started on port 8080 (http) with context path '/'
2024-08-22T14:51:02.757Z  INFO 4784 --- [monetab] [restartedMain] c.d.monetab.MonetabApplication           : Started MonetabApplication in 7.034 seconds (process running for 8.134)
2024-08-22T14:51:52.702Z  INFO 4784 --- [monetab] [SpringApplicationShutdownHook] j.LocalContainerEntityManagerFactoryBean : Closing JPA EntityManagerFactory for persistence unit 'default'
2024-08-22T14:51:52.726Z  INFO 4784 --- [monetab] [SpringApplicationShutdownHook] com.zaxxer.hikari.HikariDataSource       : HikariPool-1 - Shutdown initiated...
2024-08-22T14:51:52.743Z  INFO 4784 --- [monetab] [SpringApplicationShutdownHook] com.zaxxer.hikari.HikariDataSource       : HikariPool-1 - Shutdown completed.
2024-08-22T14:51:56.327Z  INFO 9280 --- [monetab] [restartedMain] c.d.monetab.MonetabApplication           : Starting MonetabApplication using Java 19.0.2 with PID 9280 (C:\Users\ATTOUBO\IdeaProjects\monetab\monetab\target\classes started by ATTOUBO in C:\Users\ATTOUBO\IdeaProjects\monetab)
2024-08-22T14:51:56.330Z  INFO 9280 --- [monetab] [restartedMain] c.d.monetab.MonetabApplication           : No active profile set, falling back to 1 default profile: "default"
2024-08-22T14:51:56.398Z  INFO 9280 --- [monetab] [restartedMain] .e.DevToolsPropertyDefaultsPostProcessor : Devtools property defaults active! Set 'spring.devtools.add-properties' to 'false' to disable
2024-08-22T14:51:56.398Z  INFO 9280 --- [monetab] [restartedMain] .e.DevToolsPropertyDefaultsPostProcessor : For additional web related logging consider setting the 'logging.level.web' property to 'DEBUG'
2024-08-22T14:51:57.324Z  INFO 9280 --- [monetab] [restartedMain] .s.d.r.c.RepositoryConfigurationDelegate : Bootstrapping Spring Data JPA repositories in DEFAULT mode.
2024-08-22T14:51:57.412Z  INFO 9280 --- [monetab] [restartedMain] .s.d.r.c.RepositoryConfigurationDelegate : Finished Spring Data repository scanning in 77 ms. Found 1 JPA repository interface.
2024-08-22T14:51:58.205Z  INFO 9280 --- [monetab] [restartedMain] o.s.b.w.embedded.tomcat.TomcatWebServer  : Tomcat initialized with port 8080 (http)
2024-08-22T14:51:58.226Z  INFO 9280 --- [monetab] [restartedMain] o.apache.catalina.core.StandardService   : Starting service [Tomcat]
2024-08-22T14:51:58.227Z  INFO 9280 --- [monetab] [restartedMain] o.apache.catalina.core.StandardEngine    : Starting Servlet engine: [Apache Tomcat/10.1.26]
2024-08-22T14:51:58.300Z  INFO 9280 --- [monetab] [restartedMain] o.a.c.c.C.[Tomcat].[localhost].[/]       : Initializing Spring embedded WebApplicationContext
2024-08-22T14:51:58.301Z  INFO 9280 --- [monetab] [restartedMain] w.s.c.ServletWebServerApplicationContext : Root WebApplicationContext: initialization completed in 1902 ms
2024-08-22T14:51:58.574Z  INFO 9280 --- [monetab] [restartedMain] o.hibernate.jpa.internal.util.LogHelper  : HHH000204: Processing PersistenceUnitInfo [name: default]
2024-08-22T14:51:58.657Z  INFO 9280 --- [monetab] [restartedMain] org.hibernate.Version                    : HHH000412: Hibernate ORM core version 6.5.2.Final
2024-08-22T14:51:58.704Z  INFO 9280 --- [monetab] [restartedMain] o.h.c.internal.RegionFactoryInitiator    : HHH000026: Second-level cache disabled
2024-08-22T14:51:59.185Z  INFO 9280 --- [monetab] [restartedMain] o.s.o.j.p.SpringPersistenceUnitInfo      : No LoadTimeWeaver setup: ignoring JPA class transformer
2024-08-22T14:51:59.228Z  INFO 9280 --- [monetab] [restartedMain] com.zaxxer.hikari.HikariDataSource       : HikariPool-1 - Starting...
2024-08-22T14:51:59.654Z  INFO 9280 --- [monetab] [restartedMain] com.zaxxer.hikari.pool.HikariPool        : HikariPool-1 - Added connection com.mysql.cj.jdbc.ConnectionImpl@6301a3de
2024-08-22T14:51:59.658Z  INFO 9280 --- [monetab] [restartedMain] com.zaxxer.hikari.HikariDataSource       : HikariPool-1 - Start completed.
2024-08-22T14:52:01.232Z  INFO 9280 --- [monetab] [restartedMain] o.h.e.t.j.p.i.JtaPlatformInitiator       : HHH000489: No JTA platform available (set 'hibernate.transaction.jta.platform' to enable JTA platform integration)
2024-08-22T14:52:01.404Z  INFO 9280 --- [monetab] [restartedMain] j.LocalContainerEntityManagerFactoryBean : Initialized JPA EntityManagerFactory for persistence unit 'default'
2024-08-22T14:52:01.818Z  WARN 9280 --- [monetab] [restartedMain] JpaBaseConfiguration$JpaWebConfiguration : spring.jpa.open-in-view is enabled by default. Therefore, database queries may be performed during view rendering. Explicitly configure spring.jpa.open-in-view to disable this warning
2024-08-22T14:52:02.366Z  INFO 9280 --- [monetab] [restartedMain] o.s.b.d.a.OptionalLiveReloadServer       : LiveReload server is running on port 35729
2024-08-22T14:52:02.417Z  INFO 9280 --- [monetab] [restartedMain] o.s.b.w.embedded.tomcat.TomcatWebServer  : Tomcat started on port 8080 (http) with context path '/'
2024-08-22T14:52:02.429Z  INFO 9280 --- [monetab] [restartedMain] c.d.monetab.MonetabApplication           : Started MonetabApplication in 6.709 seconds (process running for 7.704)
2024-08-22T14:53:08.447Z  INFO 9280 --- [monetab] [SpringApplicationShutdownHook] j.LocalContainerEntityManagerFactoryBean : Closing JPA EntityManagerFactory for persistence unit 'default'
2024-08-22T14:53:08.454Z  INFO 9280 --- [monetab] [SpringApplicationShutdownHook] com.zaxxer.hikari.HikariDataSource       : HikariPool-1 - Shutdown initiated...
2024-08-22T14:53:08.469Z  INFO 9280 --- [monetab] [SpringApplicationShutdownHook] com.zaxxer.hikari.HikariDataSource       : HikariPool-1 - Shutdown completed.
2024-08-22T14:53:12.082Z  INFO 9272 --- [monetab] [restartedMain] c.d.monetab.MonetabApplication           : Starting MonetabApplication using Java 19.0.2 with PID 9272 (C:\Users\ATTOUBO\IdeaProjects\monetab\monetab\target\classes started by ATTOUBO in C:\Users\ATTOUBO\IdeaProjects\monetab)
2024-08-22T14:53:12.085Z  INFO 9272 --- [monetab] [restartedMain] c.d.monetab.MonetabApplication           : No active profile set, falling back to 1 default profile: "default"
2024-08-22T14:53:12.153Z  INFO 9272 --- [monetab] [restartedMain] .e.DevToolsPropertyDefaultsPostProcessor : Devtools property defaults active! Set 'spring.devtools.add-properties' to 'false' to disable
2024-08-22T14:53:12.153Z  INFO 9272 --- [monetab] [restartedMain] .e.DevToolsPropertyDefaultsPostProcessor : For additional web related logging consider setting the 'logging.level.web' property to 'DEBUG'
2024-08-22T14:53:13.100Z  INFO 9272 --- [monetab] [restartedMain] .s.d.r.c.RepositoryConfigurationDelegate : Bootstrapping Spring Data JPA repositories in DEFAULT mode.
2024-08-22T14:53:13.189Z  INFO 9272 --- [monetab] [restartedMain] .s.d.r.c.RepositoryConfigurationDelegate : Finished Spring Data repository scanning in 77 ms. Found 1 JPA repository interface.
2024-08-22T14:53:13.951Z  INFO 9272 --- [monetab] [restartedMain] o.s.b.w.embedded.tomcat.TomcatWebServer  : Tomcat initialized with port 8080 (http)
2024-08-22T14:53:13.966Z  INFO 9272 --- [monetab] [restartedMain] o.apache.catalina.core.StandardService   : Starting service [Tomcat]
2024-08-22T14:53:13.968Z  INFO 9272 --- [monetab] [restartedMain] o.apache.catalina.core.StandardEngine    : Starting Servlet engine: [Apache Tomcat/10.1.26]
2024-08-22T14:53:14.034Z  INFO 9272 --- [monetab] [restartedMain] o.a.c.c.C.[Tomcat].[localhost].[/]       : Initializing Spring embedded WebApplicationContext
2024-08-22T14:53:14.034Z  INFO 9272 --- [monetab] [restartedMain] w.s.c.ServletWebServerApplicationContext : Root WebApplicationContext: initialization completed in 1880 ms
2024-08-22T14:53:14.263Z  INFO 9272 --- [monetab] [restartedMain] o.hibernate.jpa.internal.util.LogHelper  : HHH000204: Processing PersistenceUnitInfo [name: default]
2024-08-22T14:53:14.360Z  INFO 9272 --- [monetab] [restartedMain] org.hibernate.Version                    : HHH000412: Hibernate ORM core version 6.5.2.Final
2024-08-22T14:53:14.409Z  INFO 9272 --- [monetab] [restartedMain] o.h.c.internal.RegionFactoryInitiator    : HHH000026: Second-level cache disabled
2024-08-22T14:53:14.879Z  INFO 9272 --- [monetab] [restartedMain] o.s.o.j.p.SpringPersistenceUnitInfo      : No LoadTimeWeaver setup: ignoring JPA class transformer
2024-08-22T14:53:14.915Z  INFO 9272 --- [monetab] [restartedMain] com.zaxxer.hikari.HikariDataSource       : HikariPool-1 - Starting...
2024-08-22T14:53:15.316Z  INFO 9272 --- [monetab] [restartedMain] com.zaxxer.hikari.pool.HikariPool        : HikariPool-1 - Added connection com.mysql.cj.jdbc.ConnectionImpl@2fad38e2
2024-08-22T14:53:15.320Z  INFO 9272 --- [monetab] [restartedMain] com.zaxxer.hikari.HikariDataSource       : HikariPool-1 - Start completed.
2024-08-22T14:53:16.691Z  INFO 9272 --- [monetab] [restartedMain] o.h.e.t.j.p.i.JtaPlatformInitiator       : HHH000489: No JTA platform available (set 'hibernate.transaction.jta.platform' to enable JTA platform integration)
2024-08-22T14:53:16.823Z  INFO 9272 --- [monetab] [restartedMain] j.LocalContainerEntityManagerFactoryBean : Initialized JPA EntityManagerFactory for persistence unit 'default'
2024-08-22T14:53:17.191Z  WARN 9272 --- [monetab] [restartedMain] JpaBaseConfiguration$JpaWebConfiguration : spring.jpa.open-in-view is enabled by default. Therefore, database queries may be performed during view rendering. Explicitly configure spring.jpa.open-in-view to disable this warning
2024-08-22T14:53:17.802Z  INFO 9272 --- [monetab] [restartedMain] o.s.b.d.a.OptionalLiveReloadServer       : LiveReload server is running on port 35729
2024-08-22T14:53:17.861Z  INFO 9272 --- [monetab] [restartedMain] o.s.b.w.embedded.tomcat.TomcatWebServer  : Tomcat started on port 8080 (http) with context path '/'
2024-08-22T14:53:17.877Z  INFO 9272 --- [monetab] [restartedMain] c.d.monetab.MonetabApplication           : Started MonetabApplication in 6.381 seconds (process running for 7.445)
2024-08-22T15:07:10.749Z  INFO 9272 --- [monetab] [SpringApplicationShutdownHook] j.LocalContainerEntityManagerFactoryBean : Closing JPA EntityManagerFactory for persistence unit 'default'
2024-08-22T15:07:10.755Z  INFO 9272 --- [monetab] [SpringApplicationShutdownHook] com.zaxxer.hikari.HikariDataSource       : HikariPool-1 - Shutdown initiated...
2024-08-22T15:07:10.808Z  INFO 9272 --- [monetab] [SpringApplicationShutdownHook] com.zaxxer.hikari.HikariDataSource       : HikariPool-1 - Shutdown completed.
